<?xml version="1.0" encoding="UTF-8"?>
<!-- Generated by org.testng.reporters.JUnitXMLReporter -->
<testsuite ignored="2" hostname="DESKTOP-2CA4K28" failures="0" tests="9" name="Default test" time="53.269" errors="0" timestamp="2023-03-17T13:09:47 IST">
  <testcase classname="com.TestNG_Nykaa_Project.Nykaa_TestNG" name="browserlaunch" time="1.567"/>
  <testcase classname="com.TestNG_Nykaa_Project.Nykaa_TestNG" name="urllaunch" time="3.137"/>
  <testcase classname="com.TestNG_Nykaa_Project.Nykaa_TestNG" name="signIn" time="0.389"/>
  <testcase classname="com.TestNG_Nykaa_Project.Nykaa_TestNG" name="verify_Login" time="21.106"/>
  <testcase classname="com.TestNG_Nykaa_Project.Nykaa_TestNG" name="select_Product" time="11.541"/>
  <testcase classname="com.TestNG_Nykaa_Project.Nykaa_TestNG" name="add_To_Cart" time="8.399"/>
  <testcase classname="com.TestNG_Nykaa_Project.Nykaa_TestNG" name="add_Address" time="6.589"/>
  <testcase classname="com.TestNG_Nykaa_Project.Nykaa_TestNG" name="close_Window" time="0.078"/>
  <testcase classname="com.TestNG_Nykaa_Project.Nykaa_TestNG" name="quit_Browser" time="0.348"/>
  <testcase classname="com.TestNG_Nykaa_Project.Nykaa_TestNG" name="place_Order" time="0.0">
    <ignored/>
  </testcase> <!-- place_Order -->
  <testcase classname="com.TestNG_Nykaa_Project.Nykaa_TestNG" name="signOut" time="0.0">
    <ignored/>
  </testcase> <!-- signOut -->
</testsuite> <!-- Default test -->
